<?xml version="1.0" encoding="UTF-8"?>
<testng-results skipped="0" failed="0" total="1" passed="1">
  <reporter-output>
  </reporter-output>
  <suite name="Default suite" duration-ms="16210" started-at="2019-01-30T12:24:52Z" finished-at="2019-01-30T12:25:08Z">
    <groups>
    </groups>
    <test name="Default test" duration-ms="16210" started-at="2019-01-30T12:24:52Z" finished-at="2019-01-30T12:25:08Z">
      <class name="test.Test99GuruLoginWithPageFactory">
        <test-method status="PASS" signature="setUp()[pri:0, instance:test.Test99GuruLoginWithPageFactory@c038203]" name="setUp" is-config="true" duration-ms="11888" started-at="2019-01-30T17:54:52Z" finished-at="2019-01-30T17:55:04Z">
          <reporter-output>
          </reporter-output>
        </test-method> <!-- setUp -->
        <test-method status="PASS" signature="test_Home_Page_Appear_Correct()[pri:0, instance:test.Test99GuruLoginWithPageFactory@c038203]" name="test_Home_Page_Appear_Correct" duration-ms="4304" started-at="2019-01-30T17:55:04Z" finished-at="2019-01-30T17:55:08Z">
          <reporter-output>
          </reporter-output>
        </test-method> <!-- test_Home_Page_Appear_Correct -->
      </class> <!-- test.Test99GuruLoginWithPageFactory -->
    </test> <!-- Default test -->
  </suite> <!-- Default suite -->
</testng-results>
